0.0 -285.17242 -2933.6768
0.0 -1717.9465 -1441.5186
0.0 -2477.4531 -1484.7744
0.0 -2462.35 -228.38486
0.0 -2958.1055 -1396.6311
0.0 -2035.7096 -2350.7153
0.0 -964.00867 -2131.833
0.0 1474.0221 -2423.4968
0.0 -2049.6533 905.30505
0.0 1991.9635 -583.5375
0.0 -285.17242 -2933.6768
0.0 -1717.9465 -1441.5186
0.0 -2477.4531 -1484.7742
0.0 -2462.35 -228.38483
0.0 -2958.1055 -1396.6311
0.0 -2035.7096 -2350.7153
0.0 -964.00867 -2131.833
0.0 1474.0221 -2423.4968
0.0 -2049.6533 905.30505
0.0 1991.9635 -583.5375
0.0 -285.17242 -2933.6768
0.0 -1717.9465 -1441.5186
0.0 -2477.4531 -1484.7744
0.0 -2462.35 -228.38486
0.0 -2958.1055 -1396.6311
0.0 -2035.7096 -2350.7153
0.0 -964.00867 -2131.833
0.0 1474.0221 -2423.4968
0.0 -2049.6533 905.30505
0.0 1991.9634 -583.53754
0.0 -285.17242 -2933.6768
0.0 -1717.9465 -1441.5186
0.0 -2477.4531 -1484.7744
0.0 -2462.35 -228.38486
0.0 -2958.1055 -1396.6311
0.0 -2035.7096 -2350.7153
0.0 -964.00867 -2131.833
0.0 1474.0221 -2423.4968
0.0 -2049.6533 905.30505
0.0 1991.9635 -583.5375
0.0 -285.17242 -2933.6768
0.0 -1717.9465 -1441.5186
0.0 -2477.4531 -1484.7742
0.0 -2462.35 -228.38483
0.0 -2958.1055 -1396.6311
0.0 -2035.7096 -2350.7153
0.0 -964.00867 -2131.833
0.0 1474.0221 -2423.4968
0.0 -2049.6533 905.30505
0.0 1991.9635 -583.5375
0.0 -285.17242 -2933.6768
0.0 -1717.9465 -1441.5186
0.0 -2477.4531 -1484.7744
0.0 -2462.35 -228.38486
0.0 -2958.1055 -1396.6311
0.0 -2035.7096 -2350.7153
0.0 -964.00867 -2131.833
0.0 1474.0221 -2423.4968
0.0 -2049.6533 905.30505
0.0 1991.9634 -583.53754
0.0 -285.17242 -2933.6768
0.0 -1717.9465 -1441.5186
0.0 -2477.4531 -1484.7744
0.0 -2462.35 -228.38486
0.0 -2958.1055 -1396.6311
0.0 -2035.7096 -2350.7153
0.0 -964.00867 -2131.833
0.0 1474.0221 -2423.4968
0.0 -2049.6533 905.30505
0.0 1991.9635 -583.5375
0.0 -285.17242 -2933.6768
0.0 -1717.9465 -1441.5186
0.0 -2477.4531 -1484.7742
0.0 -2462.35 -228.38483
0.0 -2958.1055 -1396.6311
0.0 -2035.7096 -2350.7153
0.0 -964.00867 -2131.833
0.0 1474.0221 -2423.4968
0.0 -2049.6533 905.30505
0.0 1991.9635 -583.5375
0.0 -285.17242 -2933.6768
0.0 -1717.9465 -1441.5186
0.0 -2477.4531 -1484.7744
0.0 -2462.35 -228.38486
0.0 -2958.1055 -1396.6311
0.0 -2035.7096 -2350.7153
0.0 -964.00867 -2131.833
0.0 1474.0221 -2423.4968
0.0 -2049.6533 905.30505
0.0 1991.9634 -583.53754
0.0 -285.17242 -2933.6768
0.0 -1717.9465 -1441.5186
0.0 -2477.4531 -1484.7744
0.0 -2462.35 -228.38486
0.0 -2958.1055 -1396.6311
0.0 -2035.7096 -2350.7153
0.0 -964.0086 -2131.833
0.0 1474.0221 -2423.4968
0.0 -2049.6533 905.30505
