0.0 935.69666 384.86035
0.0 149.98433 943.3054
0.0 -287.10947 959.9903
0.0 113.33946 714.0285
0.0 -567.9315 878.51416
0.0 1146.0505 -107.966354
0.0 -938.9325 222.15627
0.0 -208.7625 -1002.4352
0.0 665.8364 869.4248
0.0 735.77563 -656.938
0.0 935.69666 384.86035
0.0 149.98433 943.3054
0.0 -287.1095 959.9903
0.0 113.33947 714.02856
0.0 -567.9315 878.51416
0.0 1146.0505 -107.966354
0.0 -938.9325 222.15627
0.0 -208.7625 -1002.4352
0.0 665.8364 869.4248
0.0 735.77563 -656.938
0.0 935.69666 384.86035
0.0 149.98433 943.3054
0.0 -287.10947 959.9903
0.0 113.33946 714.0285
0.0 -567.9315 878.51416
0.0 1146.0505 -107.966354
0.0 -938.9325 222.15627
0.0 -208.7625 -1002.4352
0.0 665.83636 869.4248
0.0 735.77563 -656.938
0.0 935.69666 384.86035
0.0 149.98433 943.3054
0.0 -287.10947 959.9903
0.0 113.33946 714.0285
0.0 -567.9315 878.51416
0.0 1146.0505 -107.966354
0.0 -938.9325 222.15627
0.0 -208.7625 -1002.4352
0.0 665.8364 869.4248
0.0 735.77563 -656.938
0.0 935.69666 384.86035
0.0 149.98433 943.3054
0.0 -287.1095 959.9903
0.0 113.33947 714.02856
0.0 -567.9315 878.51416
0.0 1146.0505 -107.966354
0.0 -938.9325 222.15627
0.0 -208.7625 -1002.4352
0.0 665.8364 869.4248
0.0 735.77563 -656.938
0.0 935.69666 384.86035
0.0 149.98433 943.3054
0.0 -287.10947 959.9903
0.0 113.33946 714.0285
0.0 -567.9315 878.51416
0.0 1146.0505 -107.966354
0.0 -938.9325 222.15627
0.0 -208.7625 -1002.4352
0.0 665.83636 869.4248
0.0 735.77563 -656.938
0.0 935.69666 384.86035
0.0 149.98433 943.3054
0.0 -287.10947 959.9903
0.0 113.33946 714.0285
0.0 -567.9315 878.51416
0.0 1146.0505 -107.966354
0.0 -938.9325 222.15627
0.0 -208.7625 -1002.4352
0.0 665.8364 869.4248
0.0 735.77563 -656.938
0.0 935.69666 384.86035
0.0 149.98433 943.3054
0.0 -287.1095 959.9903
0.0 113.33947 714.02856
0.0 -567.9315 878.51416
0.0 1146.0505 -107.966354
0.0 -938.9325 222.15627
0.0 -208.7625 -1002.4352
0.0 665.8364 869.4248
0.0 735.77563 -656.938
0.0 935.69666 384.86035
0.0 149.98433 943.3054
0.0 -287.10947 959.9903
0.0 113.33946 714.0285
0.0 -567.9315 878.51416
0.0 1146.0505 -107.966354
0.0 -938.9325 222.15627
0.0 -208.7625 -1002.4352
0.0 665.83636 869.4248
0.0 735.77563 -656.938
0.0 935.69666 384.86035
0.0 149.98433 943.3054
0.0 -287.10947 959.9903
0.0 113.33946 714.0285
0.0 -567.9315 878.51416
0.0 1146.0505 -107.966354
0.0 -938.9325 222.15623
0.0 -208.7625 -1002.4352
0.0 665.83636 869.4248
